<?xml version="1.0" encoding="UTF-8"?>
<testsuites name="Mocha Tests" timestamp="2017-10-24T19:51:21" time="0.023" tests="21" failures="0">
  <testsuite name="Constants" timestamp="2017-10-24T19:51:21" tests="4" failures="0" time="0.002">
    <testcase name="Constants should exist" time="0.002" className="should exist">
    </testcase>
    <testcase name="Constants .MAKE_OPTIONS should exist" time="0" className=".MAKE_OPTIONS should exist">
    </testcase>
    <testcase name="Constants .YAML_FILENAME should exist" time="0" className=".YAML_FILENAME should exist">
    </testcase>
    <testcase name="Constants .YAML_FILENAME should be equal to ufp-make.yml" time="0" className=".YAML_FILENAME should be equal to ufp-make.yml">
    </testcase>
  </testsuite>
  <testsuite name="JsUtils" timestamp="2017-10-24T19:51:21" tests="3" failures="0" time="0.002">
    <testcase name="JsUtils should exist" time="0" className="should exist">
    </testcase>
    <testcase name="JsUtils .throwParam should exist" time="0" className=".throwParam should exist">
    </testcase>
    <testcase name="JsUtils .throwParam() should throw error" time="0.002" className=".throwParam() should throw error">
    </testcase>
  </testsuite>
  <testsuite name="UfpMake" timestamp="2017-10-24T19:51:21" tests="10" failures="0" time="0.011">
    <testcase name="UfpMake should exist" time="0" className="should exist">
    </testcase>
    <testcase name="UfpMake .make should exist" time="0" className=".make should exist">
    </testcase>
    <testcase name="UfpMake .make() should throw" time="0" className=".make() should throw">
    </testcase>
    <testcase name="UfpMake .make({}) should throw" time="0" className=".make({}) should throw">
    </testcase>
    <testcase name="UfpMake .makeFile should exist" time="0" className=".makeFile should exist">
    </testcase>
    <testcase name="UfpMake .makeFile() should throw" time="0" className=".makeFile() should throw">
    </testcase>
    <testcase name="UfpMake .makeFile({}) should throw" time="0.001" className=".makeFile({}) should throw">
    </testcase>
    <testcase name="UfpMake .makeFile({wrongValue...}) should throw" time="0.001" className=".makeFile({wrongValue...}) should throw">
    </testcase>
    <testcase name="UfpMake .makeFile({ fileName...}) should work if file exists" time="0.004" className=".makeFile({ fileName...}) should work if file exists">
    </testcase>
    <testcase name="UfpMake .makeFile({ fileName: &quot;defaultFilename&quot;}) should work if file exists" time="0.005" className=".makeFile({ fileName: &quot;defaultFilename&quot;}) should work if file exists">
    </testcase>
  </testsuite>
  <testsuite name="YamlLoader" timestamp="2017-10-24T19:51:21" tests="2" failures="0" time="0">
    <testcase name="YamlLoader should exist" time="0" className="should exist">
    </testcase>
    <testcase name="YamlLoader should exist" time="0" className="should exist">
    </testcase>
  </testsuite>
  <testsuite name="YargsConfig" timestamp="2017-10-24T19:51:21" tests="2" failures="0" time="0.008">
    <testcase name="YargsConfig should exist" time="0" className="should exist">
    </testcase>
    <testcase name="YargsConfig yargs wrapping of parameters" time="0.008" className="yargs wrapping of parameters">
    </testcase>
  </testsuite>
</testsuites>